<?xml version="1.0" encoding="UTF-8"?>
<!-- Generated by org.testng.reporters.JUnitXMLReporter -->
<testsuite ignored="8" hostname="HSD10549" failures="0" tests="1" name="Default test" time="42.281" errors="0" timestamp="21 Jan 2019 09:35:12 GMT">
  <testcase classname="com.crm.qa.test.SignUpPageTest" name="verifyErrorTerms" time="16.372"/>
  <testcase classname="com.crm.qa.test.SignUpPageTest" name="verifyErrorGender" time="0.0">
    <ignored/>
  </testcase> <!-- verifyErrorGender -->
  <testcase classname="com.crm.qa.test.SignUpPageTest" name="verifyErrorCity" time="0.0">
    <ignored/>
  </testcase> <!-- verifyErrorCity -->
  <testcase classname="com.crm.qa.test.SignUpPageTest" name="register" time="0.0">
    <ignored/>
  </testcase> <!-- register -->
  <testcase classname="com.crm.qa.test.SignUpPageTest" name="verifyErrorCaptcha" time="0.0">
    <ignored/>
  </testcase> <!-- verifyErrorCaptcha -->
  <testcase classname="com.crm.qa.test.SignUpPageTest" name="verifyErrorDOB" time="0.0">
    <ignored/>
  </testcase> <!-- verifyErrorDOB -->
  <testcase classname="com.crm.qa.test.SignUpPageTest" name="verifyErrorName" time="0.0">
    <ignored/>
  </testcase> <!-- verifyErrorName -->
  <testcase classname="com.crm.qa.test.SignUpPageTest" name="verifyErrorMobile" time="0.0">
    <ignored/>
  </testcase> <!-- verifyErrorMobile -->
  <testcase classname="com.crm.qa.test.SignUpPageTest" name="verifyErrorEmail" time="0.0">
    <ignored/>
  </testcase> <!-- verifyErrorEmail -->
</testsuite> <!-- Default test -->
