<?xml version="1.0" encoding="UTF-8"?>
<testng-results ignored="8" total="9" passed="1" failed="0" skipped="0">
  <reporter-output>
  </reporter-output>
  <suite started-at="2019-01-21T09:34:30Z" name="Default suite" finished-at="2019-01-21T09:35:12Z" duration-ms="42281">
    <groups>
    </groups>
    <test started-at="2019-01-21T09:34:30Z" name="Default test" finished-at="2019-01-21T09:35:12Z" duration-ms="42281">
      <class name="com.crm.qa.test.SignUpPageTest">
        <test-method is-config="true" signature="setup()[pri:0, instance:com.crm.qa.test.SignUpPageTest@38e79ae3]" started-at="2019-01-21T09:34:30Z" name="setup" finished-at="2019-01-21T09:34:54Z" duration-ms="24813" status="PASS">
          <reporter-output>
          </reporter-output>
        </test-method> <!-- setup -->
        <test-method signature="verifyErrorTerms()[pri:0, instance:com.crm.qa.test.SignUpPageTest@38e79ae3]" started-at="2019-01-21T09:34:54Z" name="verifyErrorTerms" finished-at="2019-01-21T09:35:11Z" duration-ms="16372" status="PASS">
          <reporter-output>
          </reporter-output>
        </test-method> <!-- verifyErrorTerms -->
        <test-method is-config="true" signature="close()[pri:0, instance:com.crm.qa.test.SignUpPageTest@38e79ae3]" started-at="2019-01-21T09:35:11Z" name="close" finished-at="2019-01-21T09:35:12Z" duration-ms="1065" status="PASS">
          <reporter-output>
          </reporter-output>
        </test-method> <!-- close -->
      </class> <!-- com.crm.qa.test.SignUpPageTest -->
    </test> <!-- Default test -->
  </suite> <!-- Default suite -->
</testng-results>
